####################
#
# Copyright 2021 kermie@arcticpornvault.org
#
####################

# The following are Emacs-style regexes that can match anywhere in the path or filename.
# The files are deleted on a match.

# [ Garbage Studios ]
brazzers
naughty.?america
evil.?angel
bang.?bros
club.?tug
culionero
dogfart

# [ Humiliation / Domination ]
(sph)
sph\.
\/sph
(cei)
.* cei .*
cei\.m
sissy
sissif
cum.?eating.?instruction
own.?cum
joi.?cum.?eat
cei.?joi
joi.?cei
lick.?your.?cum
eat.?your.?cum
self.?facial
swallow.?your
fin.?dom
financial
broke.?pig
pay.?pig
broke.?loser
wallet
your.?money
your.?cash
bank.?acc
russian.?mistress
fem.?dom
dungeon.?corp
club.?dom
strap.?on.?hell
strap.?on.?slave
beta.?male
beta.?loser
pathetic
humiliat
worthless
man.?boob
small.?penis
small.?dick
small.?cock
tiny.?penis
tiny.?dick
tiny.?cock
little.?penis
little.?cock
little.?dick

# [ Cuckold ]
bred.*bull
bull.*breed
breed.*bull
cuck
hot.?wife
while.?husband
husband.?watch
share.*wife
she.?will.?cheat
subby.?hubby
take.?my.?wife
DP.?my.?wife
fuck.?my.?wife

# [ ACAB ]
traffic.?stop
under.?arrest
cavity.?search
prison
behind.?bar
jail
officer
in.?uniform
cop[^pyitre]
police
arrest
doing.?time

# [ Coerced / Blacklisted ]
girls.?do.?porn
ryan.?madison
kelly.?madison
porn.?fidelity
teen.?fidelity
sleep.?assault
tricky
bang.?bus
fake.?taxi
xxx.?pawn
pawn.?shop
money.?talks
property.?sex
stranded.?teens
for.?dollar
for.?money
for.?cash
sell.?your.?gf
shop.?lyft

# [ Age ]
oldje
jurassic
geezer
grandpa
grandma
dirty.?old
old.?bastard
old.?grope
older.?man
older.?male
dad.?crush
old.?man
old.?guy
old.?dude
old.?dick
wrinkl

# [ Interracial ]
all.?black
black.?cock
black.?male
black.?man
black.?men
black.?boy
black.?dude
black.?bro
black.?is.?bet
black.?stick
black.?gang
gangsta
gang.?land
black.?attack
black.?meat
dark.?meat
dark.?skin
black.?pole
black.?skin
black.?beef
black.?pipe
black.?step
black.?anal
black.?blow
black.?own
black.?hand
black.?slide
black.?monster
black.?russian
black.?finger
black.?rub
black.?up.?in
black.?in.?the
black.?friend
black.?power
black.?neigh
black.?fan
black.?stranger
black.?lover
black.?beast
black.?husb
black.?ball
black.?penis
black.?hole
black.?dick
black.?girth
black.?bone
black.?cheer
black.?pirate
black.?doctor
black.?nurse
black.?ice
black.*bull
black.?stud
black.?dildo
black.?toy
black.?girl
black.?chick
black.?ass
black.?woman
black.?fuck
crack.?addict
multiple.?black
glory.?hole
gang.?bang
blacks
back.?to.?black
jungle.?fever
ghetto
first.?black
big.?black
huge.?black
chocolate
.* bbc .*
.* bbc_
\/bbc
bbc\.mp4
bbc\.mp4
bbc\.mkv
bbc.?fantasy
bbc.?dildo
that ?bbc
the.?bcc
bbc.?sex
bbc,
video.?bbc
bbc.?xxx
bbc.?load
anal.?bbc
bbc.?anal
your.?bbc
bbc.?gape
gape.?bbc
fake.?bbc
bbc.?fuck
bbc.?in
his.?bbc
bbc.?blow
huge.?bbc
by.?bbc
massive.?bbc
sharing.?bbc
some.?bbc
bbc.?video
bbc.?scene
loves.?bbc
love.?bbc
fucks.?bbc
fuck.?bbc
suck.?bbc
sucks.?bbc
inch.?bbc
bbc.?cum
bbc.?challenge
first.?bbc
1st.?bbc
first.?bbc
take.?bbc
takes.?bbc
her.?bbc
my.?bbc
handsome.?bbc
for.?bbc
dp.?bbc
ing.?bbc
by.?a.?bbc
by.?bbc
on.?bbc
s.?bbc
it.?black
bbc.?worship
bbc.?cream
with.?bbc
brotha
ba.?doink
brother.?load
bet.?on.?black
racks.?and.?black
alone.?in.?the.?dark
dong.?black
bitches.?in.?heat
backside.?b
yo.?mama
black.?assassin
black.?model
black.?heat
black.?member
black.?guy
black.?semen
black.?cream
black.?cum
black.?boy
bangin.?black
black.?bang
craves?.?black
black.?where
black.?in.?white
black.?on.?white
white.?slave
black.?filling
black.?vice
(IR)
(IR,
, ?IR)
, IR,
.* IR .*
ir.?action
fuck.?my.?white
that.?white.?ass
white.?cutie
black.?blonde
blonde.?black
white.?booty
black.?bull
black.?ambush
mandingo
darkx
worst.?night
lex.?on.?blond
silver.?back
big.?sean
back.?2.?black
fine.?ass.?bitch
i.?got.?five
i.?got.?5
impaler
lex.*steele
yahshua
biggz
jax.?slayh?er
rob.?piper
johnn?y.?sin
james.?deen
ron.?jeremy
gape.?man
the.?destroyer
dfwknight
racial
bm.?wf
wf.?bm
negro
dredd
coal.?burn
my.?deep.?dark
monsters.?of.?cock
freaks.?of.?cock
ebony
ir.?pass
go.?black
got.?black
goes.?black
going.?black
gone.?black
afro.?invasion
bbcpie
blacked
blow.?bang
harmony.?concept
no.?cum.?dodging

# [ Gay / Trans, Solo Male ]
prostate
straight.?guy
tranny
trannies
trans?sexual
transgender
she.?male
cfnm
miss.?dom
young.?goddess
girls.?rimmin
pegging
pegged
toss.*salad
faggot
gayer
not.?gay
you.?gay
gay.?porn
gay.?ass
gay.?hyp
gay.?conv
gay.?train
gay.?man
gay.?guy
brain.?wash.*gay
gay.*brain.?w
solo.?male
grindr
bi.?encourag
bi.?training
bi.?guy
forced.?bi
coerced.?bi
futa

# [ Misc Extreme / Fetish ]
feet
foot
arm.?pit
smoking
smoke.?show
cigar
bound.?for.?brutality
menstrua
lactat
tampon
uterus
shitty
gooner
gooning
popping
poppers
p0ppers
p0pp3rs
popp3rs
therapist
psycholo
psychia
cbt
unkotare
puke
enema
gape.?fart
cum.?fart
diaper
adult.?baby
ball.?torture
ball.?bust
prolapse
snuff
midget

# [ Food Play ]
obese
food.?banger
food.?play
fatten
feeder
feedee

# [ Watersports ]
toilet.?slave
czech.?toilet
human.?toilet
licks?.?toilet
pee.?and.?blow
pee.?slurp
slurps?.?pee
licks?.?pee
pee.*drink
drinks?.*pee
piss.*drink
drinks?.*piss
piss.?swallow
swallows?.*piss
pee.?swallow
swallows?.*pee
piss.?pig
piss.?my.?ass
swallows?.?piss
swallows?.?pee
pee.*glass
pee.*bowl
wetting

# [ Hardcore photo sets ]
hardcore.*zip_extracted

# [ Content Derived ]
_thumbs?_
