####################
#
# Copyright 2021 kermie@arcticpornvault.org
#
# The following are Emacs-style regexes that can match the end of the filename, within two characters.
####################

# [ Screenshots ]
scr
screen.?shots?
screen.?lists?
screen.?grabs?
screen.?caps?
screen.?captures
screen
thumb
thumb.?nails?
thumb.?sheets?
contact.?sheets?
video.?screens?
video.?stills?
_s\.jpe?g
thumbs?\.jpe?g
\.mp4\.\(\(jpe?g\)\|\(gif\)\)
\.avi\.\(\(jpe?g\)\|\(gif\)\)
\.wmv\.\(\(jpe?g\)\|\(gif\)\)
\.mkv\.\(\(jpe?g\)\|\(gif\)\)
\.mov\.\(\(jpe?g\)\|\(gif\)\)
\.mpe?g\.\(\(jpe?g\)\|\(gif\)\)
\.m4v\.\(\(jpe?g\)\|\(gif\)\)
\/ss
\(\(screens\)\|\(samples\)\|\(thumbs\)\)\.\(\(zip\)\|\(rar\)\|\(7z\)\)_extracted

# [ Other ]
warning-cover\.
RARBG\.txt

# [ Operating System Files ]
MACOSX
thumbs\.db
\.bridgesort
\.ds_store
